2025-11-23 20:36:59 main.py imported
2025-11-23 20:36:59 Starting QApplication
2025-11-23 20:36:59 MainWindow created
2025-11-23 20:37:17 MainWindow shown
2026-02-01 17:33:11 main.py imported
2026-02-01 17:33:11 Starting QApplication
2026-02-01 17:33:11 MainWindow created
2026-02-01 17:33:23 MainWindow shown
2026-02-01 17:38:13 main.py imported
2026-02-01 17:38:13 Starting QApplication
2026-02-01 17:38:14 MainWindow created
2026-02-01 17:38:14 MainWindow shown
2026-02-01 17:41:54 main.py imported
2026-02-01 17:41:54 Starting QApplication
2026-02-01 17:41:54 MainWindow created
2026-02-01 17:41:55 MainWindow shown
2026-02-01 17:46:56 main.py imported
2026-02-01 17:46:56 Starting QApplication
2026-02-01 17:46:56 MainWindow created
2026-02-01 17:46:56 ERROR: name 'layout' is not defined
2026-02-01 17:47:45 main.py imported
2026-02-01 17:47:45 Starting QApplication
2026-02-01 17:47:45 MainWindow created
2026-02-01 17:47:47 MainWindow shown
2026-02-02 20:30:54 main.py imported
2026-02-02 20:30:54 Starting QApplication
2026-02-02 20:30:54 MainWindow created
2026-02-02 20:31:22 MainWindow shown
2026-02-02 21:34:32 main.py imported
2026-02-02 21:34:32 Starting QApplication
2026-02-02 21:34:32 MainWindow created
2026-02-02 21:34:35 MainWindow shown
2026-02-02 21:39:15 main.py imported
2026-02-02 21:39:15 Starting QApplication
2026-02-02 21:39:15 MainWindow created
2026-02-02 21:39:21 MainWindow shown
2026-02-02 21:44:58 main.py imported
2026-02-02 21:44:58 Starting QApplication
2026-02-02 21:44:58 MainWindow created
2026-02-02 21:44:58 MainWindow shown
2026-02-02 21:50:40 main.py imported
2026-02-02 21:50:40 Starting QApplication
2026-02-02 21:50:40 MainWindow created
2026-02-02 21:50:41 MainWindow shown
2026-02-02 22:01:29 main.py imported
2026-02-02 22:01:29 Starting QApplication
2026-02-02 22:01:30 MainWindow created
2026-02-02 22:01:31 MainWindow shown
2026-02-02 22:03:21 main.py imported
2026-02-02 22:03:21 Starting QApplication
2026-02-02 22:03:21 MainWindow created
2026-02-02 22:03:22 MainWindow shown
2026-02-02 22:07:05 main.py imported
2026-02-02 22:07:05 Starting QApplication
2026-02-02 22:07:05 MainWindow created
2026-02-02 22:07:06 MainWindow shown
2026-02-02 22:10:12 main.py imported
2026-02-02 22:10:12 Starting QApplication
2026-02-02 22:10:12 MainWindow created
2026-02-02 22:10:14 MainWindow shown
2026-02-02 22:15:20 main.py imported
2026-02-02 22:15:20 Starting QApplication
2026-02-02 22:15:20 MainWindow created
2026-02-02 22:15:21 MainWindow shown
2026-02-02 22:15:55 main.py imported
2026-02-02 22:15:55 Starting QApplication
2026-02-02 22:15:55 MainWindow created
2026-02-02 22:15:55 MainWindow shown
2026-02-02 22:17:46 main.py imported
2026-02-02 22:17:46 Starting QApplication
2026-02-02 22:17:46 MainWindow created
2026-02-02 22:17:47 MainWindow shown
2026-02-02 22:25:58 main.py imported
2026-02-02 22:25:58 Starting QApplication
2026-02-02 22:25:58 MainWindow created
2026-02-02 22:26:00 MainWindow shown
2026-02-02 22:28:33 main.py imported
2026-02-02 22:28:33 Starting QApplication
2026-02-02 22:28:33 MainWindow created
2026-02-02 22:28:34 MainWindow shown
2026-02-02 22:34:30 main.py imported
2026-02-02 22:34:30 Starting QApplication
2026-02-02 22:34:30 MainWindow created
2026-02-02 22:34:31 MainWindow shown
2026-02-02 22:38:23 main.py imported
2026-02-02 22:38:23 Starting QApplication
2026-02-02 22:38:23 MainWindow created
2026-02-02 22:38:24 MainWindow shown
2026-02-02 22:42:56 main.py imported
2026-02-02 22:42:56 Starting QApplication
2026-02-02 22:42:56 MainWindow created
2026-02-02 22:42:57 MainWindow shown
2026-02-02 23:14:53 main.py imported
2026-02-02 23:14:53 Starting QApplication
2026-02-02 23:14:53 MainWindow created
2026-02-02 23:14:55 MainWindow shown
2026-02-02 23:25:28 main.py imported
2026-02-02 23:25:28 Starting QApplication
2026-02-02 23:25:29 MainWindow created
2026-02-02 23:25:30 MainWindow shown
2026-02-02 23:32:45 main.py imported
2026-02-02 23:32:45 Starting QApplication
2026-02-02 23:32:46 MainWindow created
2026-02-02 23:32:47 MainWindow shown
2026-02-02 23:37:19 main.py imported
2026-02-02 23:37:19 Starting QApplication
2026-02-02 23:37:19 MainWindow created
2026-02-02 23:37:19 ERROR: type object 'Qt' has no attribute 'rgba'
2026-02-02 23:37:55 main.py imported
2026-02-02 23:37:55 Starting QApplication
2026-02-02 23:37:55 MainWindow created
2026-02-02 23:37:56 MainWindow shown
2026-02-02 23:43:40 main.py imported
2026-02-02 23:43:40 Starting QApplication
2026-02-02 23:43:40 MainWindow created
2026-02-02 23:43:41 MainWindow shown
